0 info it worked if it ends with ok
1 verbose cli [ '/usr/bin/node', '/usr/bin/npm', 'link', 'gulp' ]
2 info using npm@1.4.28
3 info using node@v0.10.37
4 verbose node symlink /usr/bin/node
5 verbose install where,what [ '/usr/lib', [ 'gulp' ] ]
6 verbose cache add [ 'gulp', null ]
7 verbose cache add name=undefined spec="gulp" args=["gulp",null]
8 verbose parsed url { protocol: null,
8 verbose parsed url   slashes: null,
8 verbose parsed url   auth: null,
8 verbose parsed url   host: null,
8 verbose parsed url   port: null,
8 verbose parsed url   hostname: null,
8 verbose parsed url   hash: null,
8 verbose parsed url   search: null,
8 verbose parsed url   query: null,
8 verbose parsed url   pathname: 'gulp',
8 verbose parsed url   path: 'gulp',
8 verbose parsed url   href: 'gulp' }
9 silly lockFile 9750c68d-gulp gulp
10 verbose lock gulp /home/ubuntu/.npm/9750c68d-gulp.lock
11 silly lockFile 9750c68d-gulp gulp
12 silly lockFile 9750c68d-gulp gulp
13 verbose addNamed [ 'gulp', '' ]
14 verbose addNamed [ null, '*' ]
15 silly lockFile 72f4391e-gulp gulp@
16 verbose lock gulp@ /home/ubuntu/.npm/72f4391e-gulp.lock
17 silly addNameRange { name: 'gulp', range: '*', hasData: false }
18 verbose request where is /gulp
19 verbose request registry https://registry.npmjs.org/
20 verbose request id f9a21028019cdbf3
21 verbose url raw /gulp
22 verbose url resolving [ 'https://registry.npmjs.org/', './gulp' ]
23 verbose url resolved https://registry.npmjs.org/gulp
24 verbose request where is https://registry.npmjs.org/gulp
25 info trying registry request attempt 1 at 16:33:45
26 verbose etag "6FAUGXF63V34ZZ5OD8SQEKE4O"
27 http GET https://registry.npmjs.org/gulp
28 http 304 https://registry.npmjs.org/gulp
29 silly registry.get cb [ 304,
29 silly registry.get   { date: 'Fri, 08 May 2015 20:33:46 GMT',
29 silly registry.get     via: '1.1 varnish',
29 silly registry.get     'cache-control': 'max-age=60',
29 silly registry.get     etag: '"6FAUGXF63V34ZZ5OD8SQEKE4O"',
29 silly registry.get     age: '45',
29 silly registry.get     connection: 'keep-alive',
29 silly registry.get     'x-served-by': 'cache-atl6225-ATL',
29 silly registry.get     'x-cache': 'HIT',
29 silly registry.get     'x-cache-hits': '2',
29 silly registry.get     'x-timer': 'S1431117226.162211,VS0,VE0',
29 silly registry.get     vary: 'Accept' } ]
30 verbose etag https://registry.npmjs.org/gulp from cache
31 silly addNameRange number 2 { name: 'gulp', range: '*', hasData: true }
32 silly addNameRange versions [ 'gulp',
32 silly addNameRange   [ '0.0.1',
32 silly addNameRange     '0.0.2',
32 silly addNameRange     '0.0.3',
32 silly addNameRange     '0.0.4',
32 silly addNameRange     '0.0.5',
32 silly addNameRange     '0.0.7',
32 silly addNameRange     '0.0.8',
32 silly addNameRange     '0.0.9',
32 silly addNameRange     '0.1.0',
32 silly addNameRange     '0.2.0',
32 silly addNameRange     '1.0.0',
32 silly addNameRange     '1.1.0',
32 silly addNameRange     '1.2.0',
32 silly addNameRange     '1.2.1',
32 silly addNameRange     '2.0.0',
32 silly addNameRange     '2.0.1',
32 silly addNameRange     '2.1.0',
32 silly addNameRange     '2.2.0',
32 silly addNameRange     '2.3.0',
32 silly addNameRange     '2.4.0',
32 silly addNameRange     '2.4.1',
32 silly addNameRange     '2.6.0',
32 silly addNameRange     '2.6.1',
32 silly addNameRange     '2.7.0',
32 silly addNameRange     '3.0.0',
32 silly addNameRange     '3.1.1',
32 silly addNameRange     '3.1.2',
32 silly addNameRange     '3.1.3',
32 silly addNameRange     '3.1.4',
32 silly addNameRange     '3.2.0',
32 silly addNameRange     '3.2.1',
32 silly addNameRange     '3.2.2',
32 silly addNameRange     '3.2.3',
32 silly addNameRange     '3.2.4',
32 silly addNameRange     '3.2.5',
32 silly addNameRange     '3.3.0',
32 silly addNameRange     '3.3.1',
32 silly addNameRange     '3.3.2',
32 silly addNameRange     '3.3.4',
32 silly addNameRange     '3.4.0',
32 silly addNameRange     '3.5.0',
32 silly addNameRange     '3.5.1',
32 silly addNameRange     '3.5.2',
32 silly addNameRange     '3.5.5',
32 silly addNameRange     '3.5.6',
32 silly addNameRange     '3.6.0',
32 silly addNameRange     '3.6.1',
32 silly addNameRange     '3.6.2',
32 silly addNameRange     '3.7.0',
32 silly addNameRange     '3.8.0',
32 silly addNameRange     '3.8.1',
32 silly addNameRange     '3.8.2',
32 silly addNameRange     '3.8.3',
32 silly addNameRange     '3.8.4',
32 silly addNameRange     '3.8.5',
32 silly addNameRange     '3.8.6',
32 silly addNameRange     '3.8.7',
32 silly addNameRange     '3.8.8',
32 silly addNameRange     '3.8.9',
32 silly addNameRange     '3.8.10',
32 silly addNameRange     '3.8.11' ] ]
33 verbose addNamed [ 'gulp', '3.8.11' ]
34 verbose addNamed [ '3.8.11', '3.8.11' ]
35 silly lockFile 3d31ec08-gulp-3-8-11 gulp@3.8.11
36 verbose lock gulp@3.8.11 /home/ubuntu/.npm/3d31ec08-gulp-3-8-11.lock
37 silly lockFile 3d31ec08-gulp-3-8-11 gulp@3.8.11
38 silly lockFile 3d31ec08-gulp-3-8-11 gulp@3.8.11
39 silly lockFile 72f4391e-gulp gulp@
40 silly lockFile 72f4391e-gulp gulp@
41 silly resolved [ { name: 'gulp',
41 silly resolved     description: 'The streaming build system',
41 silly resolved     version: '3.8.11',
41 silly resolved     homepage: 'http://gulpjs.com',
41 silly resolved     repository: { type: 'git', url: 'https://github.com/gulpjs/gulp' },
41 silly resolved     author:
41 silly resolved      { name: 'Fractal',
41 silly resolved        email: 'contact@wearefractal.com',
41 silly resolved        url: 'http://wearefractal.com/' },
41 silly resolved     tags: [ 'build', 'stream', 'system', 'make', 'tool', 'asset', 'pipeline' ],
41 silly resolved     files: [ 'index.js', 'lib', 'bin', 'completion' ],
41 silly resolved     bin: { gulp: './bin/gulp.js' },
41 silly resolved     man: [ 'gulp.1' ],
41 silly resolved     dependencies:
41 silly resolved      { archy: '^1.0.0',
41 silly resolved        chalk: '^0.5.0',
41 silly resolved        deprecated: '^0.0.1',
41 silly resolved        'gulp-util': '^3.0.0',
41 silly resolved        interpret: '^0.3.2',
41 silly resolved        liftoff: '^2.0.1',
41 silly resolved        minimist: '^1.1.0',
41 silly resolved        orchestrator: '^0.3.0',
41 silly resolved        'pretty-hrtime': '^0.2.0',
41 silly resolved        semver: '^4.1.0',
41 silly resolved        tildify: '^1.0.0',
41 silly resolved        v8flags: '^2.0.2',
41 silly resolved        'vinyl-fs': '^0.3.0' },
41 silly resolved     devDependencies:
41 silly resolved      { coveralls: '^2.7.0',
41 silly resolved        'graceful-fs': '^3.0.0',
41 silly resolved        istanbul: '^0.3.0',
41 silly resolved        jshint: '^2.5.0',
41 silly resolved        'jshint-stylish': '^1.0.0',
41 silly resolved        'marked-man': '^0.1.3',
41 silly resolved        mkdirp: '^0.5.0',
41 silly resolved        mocha: '^2.0.1',
41 silly resolved        'mocha-lcov-reporter': '^0.0.1',
41 silly resolved        q: '^1.0.0',
41 silly resolved        rimraf: '^2.2.5',
41 silly resolved        should: '^4.0.0' },
41 silly resolved     scripts:
41 silly resolved      { prepublish: 'marked-man --name gulp docs/CLI.md > gulp.1',
41 silly resolved        lint: 'jshint lib bin index.js --reporter node_modules/jshint-stylish/stylish.js --exclude node_modules',
41 silly resolved        test: 'npm run-script lint && mocha --reporter spec',
41 silly resolved        coveralls: 'istanbul cover _mocha --report lcovonly -- -R spec && cat ./coverage/lcov.info | coveralls && rm -rf ./coverage' },
41 silly resolved     engineStrict: true,
41 silly resolved     engines: { node: '>= 0.9' },
41 silly resolved     licenses: [ [Object] ],
41 silly resolved     gitHead: '84df40b0faabc2b61d576154fd1145e2146377ca',
41 silly resolved     bugs: { url: 'https://github.com/gulpjs/gulp/issues' },
41 silly resolved     _id: 'gulp@3.8.11',
41 silly resolved     _shasum: 'd557e0a7283eb4136491969b0497767972f1d28a',
41 silly resolved     _from: 'gulp@',
41 silly resolved     _npmVersion: '2.5.1',
41 silly resolved     _nodeVersion: '0.12.0',
41 silly resolved     _npmUser: { name: 'phated', email: 'blaine@iceddev.com' },
41 silly resolved     maintainers: [ [Object], [Object] ],
41 silly resolved     dist:
41 silly resolved      { shasum: 'd557e0a7283eb4136491969b0497767972f1d28a',
41 silly resolved        tarball: 'http://registry.npmjs.org/gulp/-/gulp-3.8.11.tgz' },
41 silly resolved     directories: {},
41 silly resolved     _resolved: 'https://registry.npmjs.org/gulp/-/gulp-3.8.11.tgz',
41 silly resolved     readme: 'ERROR: No README data found!' } ]
42 info install gulp@3.8.11 into /usr/lib
43 info installOne gulp@3.8.11
44 verbose unbuild
45 verbose tar unpack /home/ubuntu/.npm/gulp/3.8.11/package.tgz
46 silly lockFile df399f84-tar-usr-lib-node-modules-gulp tar:///usr/lib/node_modules/gulp
47 verbose lock tar:///usr/lib/node_modules/gulp /home/ubuntu/.npm/df399f84-tar-usr-lib-node-modules-gulp.lock
48 silly lockFile 4fa53a96-untu-npm-gulp-3-8-11-package-tgz tar:///home/ubuntu/.npm/gulp/3.8.11/package.tgz
49 verbose lock tar:///home/ubuntu/.npm/gulp/3.8.11/package.tgz /home/ubuntu/.npm/4fa53a96-untu-npm-gulp-3-8-11-package-tgz.lock
50 silly gunzTarPerm modes [ '775', '664' ]
51 error Error: EACCES, mkdir '/usr/lib/node_modules/gulp'
51 error  { [Error: EACCES, mkdir '/usr/lib/node_modules/gulp']
51 error   errno: 3,
51 error   code: 'EACCES',
51 error   path: '/usr/lib/node_modules/gulp',
51 error   fstream_type: 'Directory',
51 error   fstream_path: '/usr/lib/node_modules/gulp',
51 error   fstream_class: 'DirWriter',
51 error   fstream_stack:
51 error    [ '/usr/lib/node_modules/npm/node_modules/fstream/lib/dir-writer.js:36:23',
51 error      '/usr/lib/node_modules/npm/node_modules/mkdirp/index.js:46:53',
51 error      'Object.oncomplete (fs.js:108:15)' ] }
52 error Please try running this command again as root/Administrator.
53 error System Linux 3.2.0-74-generic
54 error command "/usr/bin/node" "/usr/bin/npm" "link" "gulp"
55 error cwd /media/main/uptime-dev/artoo
56 error node -v v0.10.37
57 error npm -v 1.4.28
58 error path /usr/lib/node_modules/gulp
59 error fstream_path /usr/lib/node_modules/gulp
60 error fstream_type Directory
61 error fstream_class DirWriter
62 error code EACCES
63 error errno 3
64 error stack Error: EACCES, mkdir '/usr/lib/node_modules/gulp'
65 error fstream_stack /usr/lib/node_modules/npm/node_modules/fstream/lib/dir-writer.js:36:23
65 error fstream_stack /usr/lib/node_modules/npm/node_modules/mkdirp/index.js:46:53
65 error fstream_stack Object.oncomplete (fs.js:108:15)
66 verbose exit [ 3, true ]
